1556266626.330772 client started (15810): version 2.8, socket /private/tmp/tmux-502/default, protocol 8
1556266626.330873 on Darwin 18.0.0 Darwin Kernel Version 18.0.0: Wed Aug 22 20:13:40 PDT 2018; root:xnu-4903.201.2~1/RELEASE_X86_64; libevent 2.1.8-stable (select)
1556266626.330931 socket is /private/tmp/tmux-502/default
1556266626.330959 trying connect
1556266626.331088 add peer 0x7fe6a5001600: 6 (0x0)
1556266626.333188 sending message 100 to peer 0x7fe6a5001600 (4 bytes)
1556266626.333230 sending message 101 to peer 0x7fe6a5001600 (15 bytes)
1556266626.333244 sending message 102 to peer 0x7fe6a5001600 (13 bytes)
1556266626.333256 sending message 108 to peer 0x7fe6a5001600 (26 bytes)
1556266626.333278 sending message 104 to peer 0x7fe6a5001600 (0 bytes)
1556266626.333290 sending message 107 to peer 0x7fe6a5001600 (4 bytes)
1556266626.333301 sending message 105 to peer 0x7fe6a5001600 (60 bytes)
1556266626.333312 sending message 105 to peer 0x7fe6a5001600 (66 bytes)
1556266626.333323 sending message 105 to peer 0x7fe6a5001600 (76 bytes)
1556266626.333334 sending message 105 to peer 0x7fe6a5001600 (15 bytes)
1556266626.333344 sending message 105 to peer 0x7fe6a5001600 (22 bytes)
1556266626.333355 sending message 105 to peer 0x7fe6a5001600 (14 bytes)
1556266626.333366 sending message 105 to peer 0x7fe6a5001600 (17 bytes)
1556266626.333377 sending message 105 to peer 0x7fe6a5001600 (30 bytes)
1556266626.333388 sending message 105 to peer 0x7fe6a5001600 (15 bytes)
1556266626.333399 sending message 105 to peer 0x7fe6a5001600 (24 bytes)
1556266626.333410 sending message 105 to peer 0x7fe6a5001600 (27 bytes)
1556266626.333421 sending message 105 to peer 0x7fe6a5001600 (23 bytes)
1556266626.333431 sending message 105 to peer 0x7fe6a5001600 (186 bytes)
1556266626.333442 sending message 105 to peer 0x7fe6a5001600 (20 bytes)
1556266626.333453 sending message 105 to peer 0x7fe6a5001600 (20 bytes)
1556266626.333464 sending message 105 to peer 0x7fe6a5001600 (23 bytes)
1556266626.333475 sending message 105 to peer 0x7fe6a5001600 (57 bytes)
1556266626.333485 sending message 105 to peer 0x7fe6a5001600 (16 bytes)
1556266626.333496 sending message 105 to peer 0x7fe6a5001600 (19 bytes)
1556266626.333507 sending message 105 to peer 0x7fe6a5001600 (19 bytes)
1556266626.333518 sending message 105 to peer 0x7fe6a5001600 (32 bytes)
1556266626.333529 sending message 105 to peer 0x7fe6a5001600 (61 bytes)
1556266626.333539 sending message 105 to peer 0x7fe6a5001600 (8 bytes)
1556266626.333550 sending message 105 to peer 0x7fe6a5001600 (26 bytes)
1556266626.333562 sending message 105 to peer 0x7fe6a5001600 (33 bytes)
1556266626.333572 sending message 105 to peer 0x7fe6a5001600 (11 bytes)
1556266626.333583 sending message 105 to peer 0x7fe6a5001600 (11 bytes)
1556266626.333595 sending message 105 to peer 0x7fe6a5001600 (8 bytes)
1556266626.333606 sending message 105 to peer 0x7fe6a5001600 (32 bytes)
1556266626.333616 sending message 105 to peer 0x7fe6a5001600 (29 bytes)
1556266626.333627 sending message 105 to peer 0x7fe6a5001600 (21 bytes)
1556266626.333638 sending message 105 to peer 0x7fe6a5001600 (27 bytes)
1556266626.333649 sending message 105 to peer 0x7fe6a5001600 (16 bytes)
1556266626.333660 sending message 105 to peer 0x7fe6a5001600 (31 bytes)
1556266626.333677 sending message 105 to peer 0x7fe6a5001600 (46 bytes)
1556266626.333688 sending message 105 to peer 0x7fe6a5001600 (42 bytes)
1556266626.333699 sending message 105 to peer 0x7fe6a5001600 (363 bytes)
1556266626.333710 sending message 105 to peer 0x7fe6a5001600 (57 bytes)
1556266626.333722 sending message 105 to peer 0x7fe6a5001600 (51 bytes)
1556266626.333733 sending message 105 to peer 0x7fe6a5001600 (38 bytes)
1556266626.333744 sending message 105 to peer 0x7fe6a5001600 (64 bytes)
1556266626.333754 sending message 105 to peer 0x7fe6a5001600 (49 bytes)
1556266626.333765 sending message 105 to peer 0x7fe6a5001600 (51 bytes)
1556266626.333776 sending message 105 to peer 0x7fe6a5001600 (56 bytes)
1556266626.333788 sending message 105 to peer 0x7fe6a5001600 (22 bytes)
1556266626.333799 sending message 106 to peer 0x7fe6a5001600 (0 bytes)
1556266626.333842 sending message 200 to peer 0x7fe6a5001600 (4 bytes)
1556266626.333851 client loop enter
1556266626.342020 peer 0x7fe6a5001600 message 207
1556266626.342054 sending message 208 to peer 0x7fe6a5001600 (0 bytes)
1556266628.902916 peer 0x7fe6a5001600 message 203
1556266628.902945 sending message 205 to peer 0x7fe6a5001600 (0 bytes)
1556266628.903158 peer 0x7fe6a5001600 message 204
1556266628.903184 client loop exit
